#
# There is insufficient memory for the Java Runtime Environment to continue.
# Native memory allocation (mmap) failed to map 132120576 bytes for Failed to commit area from 0x0000000082600000 to 0x000000008a400000 of length 132120576.
# Possible reasons:
#   The system is out of physical RAM or swap space
#   The process is running with CompressedOops enabled, and the Java Heap may be blocking the growth of the native heap
# Possible solutions:
#   Reduce memory load on the system
#   Increase physical memory or swap space
#   Check if swap backing store is full
#   Decrease Java heap size (-Xmx/-Xms)
#   Decrease number of Java threads
#   Decrease Java thread stack sizes (-Xss)
#   Set larger code cache with -XX:ReservedCodeCacheSize=
# This output file may be truncated or incomplete.
#
#  Out of Memory Error (c:/BuildAgent/work/5ff2f6c26000d570/src/hotspot/os/windows/os_windows.cpp:3291), pid=1240, tid=20828
#
# JRE version:  (11.0.5+10) (build )
# Java VM: OpenJDK 64-Bit Server VM (11.0.5+10-b520.30, mixed mode, aot, sharing, tiered, compressed oops, g1 gc, windows-amd64)
# No core dump will be written. Minidumps are not enabled by default on client versions of Windows
#

---------------  S U M M A R Y ------------

Command Line: org.jetbrains.git4idea.http.GitAskPassApp Username for 'https://github.com': 

Host: Intel(R) Core(TM) i5-8265U CPU @ 1.60GHz, 8 cores, 7G,  Windows 10 , 64 bit Build 18362 (10.0.18362.900)
Time: Sat Jun 27 21:43:21 2020 ?D1¨²¡À¨º¡Á?¨º¡À?? elapsed time: 0 seconds (0d 0h 0m 0s)

---------------  T H R E A D  ---------------

Current thread (0x000001ae33f5b800):  JavaThread "Unknown thread" [_thread_in_vm, id=20828, stack(0x00000041ad700000,0x00000041ad800000)]

Stack: [0x00000041ad700000,0x00000041ad800000]
Native frames: (J=compiled Java code, j=interpreted, Vv=VM code, C=native code)
V  [jvm.dll+0x5dcafa]
V  [jvm.dll+0x70e375]
V  [jvm.dll+0x70f898]
V  [jvm.dll+0x70ff63]
V  [jvm.dll+0x23e238]
V  [jvm.dll+0x5da1c4]
V  [jvm.dll+0x5cf265]
V  [jvm.dll+0x2fac3b]
V  [jvm.dll+0x2fabaa]
V  [jvm.dll+0x2faa82]
V  [jvm.dll+0x2ff956]
V  [jvm.dll+0x3480d3]
V  [jvm.dll+0x3487d6]
V  [jvm.dll+0x3481d3]
V  [jvm.dll+0x2d5548]
V  [jvm.dll+0x2d66e7]
V  [jvm.dll+0x6ed237]
V  [jvm.dll+0x6eea2c]
V  [jvm.dll+0x355849]
V  [jvm.dll+0x6d239e]
V  [jvm.dll+0x3be283]
V  [jvm.dll+0x3c0701]
C  [jli.dll+0x5363]
C  [ucrtbase.dll+0x20e82]
C  [KERNEL32.DLL+0x17bd4]
C  [ntdll.dll+0x6ce51]


---------------  P R O C E S S  ---------------

Threads class SMR info:
_java_thread_list=0x000001ae31e36870, length=0, elements={
}

Java Threads: ( => current thread )

Other Threads:
  0x000001ae33f74000 GCTaskThread "GC Thread#0" [stack: 0x00000041ad800000,0x00000041ad900000] [id=15584]
  0x000001ae33fa6000 ConcurrentGCThread "G1 Main Marker" [stack: 0x00000041ad900000,0x00000041ada00000] [id=17880]
  0x000001ae33fa8000 ConcurrentGCThread "G1 Conc#0" [stack: 0x00000041ada00000,0x00000041adb00000] [id=6740]

[error occurred during error reporting (printing all threads), id 0xc0000005, EXCEPTION_ACCESS_VIOLATION (0xc0000005) at pc=0x00007ff805005c17]

VM state:not at safepoint (not fully initialized)

VM Mutex/Monitor currently owned by a thread:  ([mutex/lock_event])
[0x000001ae33f58970] Heap_lock - owner thread: 0x000001ae33f5b800

Heap address: 0x0000000082600000, size: 2010 MB, Compressed Oops mode: Non-zero based: 0x0000000082600000
Narrow klass base: 0x0000000000000000, Narrow klass shift: 0

GC Heap History (0 events):
No events

Deoptimization events (0 events):
No events

Classes redefined (0 events):
No events

Internal exceptions (0 events):
No events

Events (0 events):
No events


Dynamic libraries:
0x00007ff7ca2d0000 - 0x00007ff7ca2da000 	D:\IntelliJ IDEA 2019.2.2\jbr\bin\java.exe
0x00007ff86a5a0000 - 0x00007ff86a790000 	C:\WINDOWS\SYSTEM32\ntdll.dll
0x00007ff86a490000 - 0x00007ff86a542000 	C:\WINDOWS\System32\KERNEL32.DLL
0x00007ff868000000 - 0x00007ff8682a4000 	C:\WINDOWS\System32\KERNELBASE.dll
0x00007ff8684b0000 - 0x00007ff8685aa000 	C:\WINDOWS\System32\ucrtbase.dll
0x00007ff85ded0000 - 0x00007ff85dee9000 	D:\IntelliJ IDEA 2019.2.2\jbr\bin\jli.dll
0x00007ff868b70000 - 0x00007ff868d04000 	C:\WINDOWS\System32\USER32.dll
0x00007ff867fd0000 - 0x00007ff867ff1000 	C:\WINDOWS\System32\win32u.dll
0x00007ff868b30000 - 0x00007ff868b56000 	C:\WINDOWS\System32\GDI32.dll
0x00007ff8682b0000 - 0x00007ff868445000 	C:\WINDOWS\System32\gdi32full.dll
0x00007ff8685b0000 - 0x00007ff86864e000 	C:\WINDOWS\System32\msvcp_win.dll
0x00007ff8564f0000 - 0x00007ff856774000 	C:\WINDOWS\WinSxS\amd64_microsoft.windows.common-controls_6595b64144ccf1df_6.0.18362.900_none_e6beb9d913147d17\COMCTL32.dll
0x00007ff86a2f0000 - 0x00007ff86a38e000 	C:\WINDOWS\System32\msvcrt.dll
0x00007ff8693c0000 - 0x00007ff8696f5000 	C:\WINDOWS\System32\combase.dll
0x00007ff86a1d0000 - 0x00007ff86a2f0000 	C:\WINDOWS\System32\RPCRT4.dll
0x00007ff867530000 - 0x00007ff8675b0000 	C:\WINDOWS\System32\bcryptPrimitives.dll
0x00007ff85de10000 - 0x00007ff85de27000 	D:\IntelliJ IDEA 2019.2.2\jbr\bin\VCRUNTIME140.dll
0x00007ff868de0000 - 0x00007ff868e0e000 	C:\WINDOWS\System32\IMM32.DLL
0x00007ff842e40000 - 0x00007ff842edd000 	D:\IntelliJ IDEA 2019.2.2\jbr\bin\msvcp140.dll
0x00007ff804d20000 - 0x00007ff8057db000 	D:\IntelliJ IDEA 2019.2.2\jbr\bin\server\jvm.dll
0x00007ff8692b0000 - 0x00007ff869353000 	C:\WINDOWS\System32\ADVAPI32.dll
0x00007ff86a390000 - 0x00007ff86a427000 	C:\WINDOWS\System32\sechost.dll
0x00007ff868b60000 - 0x00007ff868b68000 	C:\WINDOWS\System32\PSAPI.DLL
0x00007ff85df70000 - 0x00007ff85df7a000 	C:\WINDOWS\SYSTEM32\VERSION.dll
0x00007ff856c40000 - 0x00007ff856c64000 	C:\WINDOWS\SYSTEM32\WINMM.dll
0x00007ff85f590000 - 0x00007ff85f599000 	C:\WINDOWS\SYSTEM32\WSOCK32.dll
0x00007ff869700000 - 0x00007ff86976f000 	C:\WINDOWS\System32\WS2_32.dll
0x00007ff856c10000 - 0x00007ff856c3d000 	C:\WINDOWS\SYSTEM32\WINMMBASE.dll
0x00007ff867ed0000 - 0x00007ff867f1a000 	C:\WINDOWS\System32\cfgmgr32.dll
0x00007ff8674e0000 - 0x00007ff8674f1000 	C:\WINDOWS\System32\kernel.appcore.dll
0x00007ff85dea0000 - 0x00007ff85deb1000 	D:\IntelliJ IDEA 2019.2.2\jbr\bin\verify.dll
0x00007ff862d30000 - 0x00007ff862f24000 	C:\WINDOWS\SYSTEM32\DBGHELP.DLL
0x00007ff85cb50000 - 0x00007ff85cb7a000 	C:\WINDOWS\SYSTEM32\dbgcore.DLL
0x00007ff85b120000 - 0x00007ff85b149000 	D:\IntelliJ IDEA 2019.2.2\jbr\bin\java.dll
0x00007ff84ac30000 - 0x00007ff84ac47000 	D:\IntelliJ IDEA 2019.2.2\jbr\bin\zip.dll
0x00007ff85f3b0000 - 0x00007ff85f3bb000 	D:\IntelliJ IDEA 2019.2.2\jbr\bin\jimage.dll

dbghelp: loaded successfully - version: 4.0.5 - missing functions: none
symbol engine: initialized successfully - sym options: 0x614 - pdb path: .;D:\IntelliJ IDEA 2019.2.2\jbr\bin;C:\WINDOWS\SYSTEM32;C:\WINDOWS\WinSxS\amd64_microsoft.windows.common-controls_6595b64144ccf1df_6.0.18362.900_none_e6beb9d913147d17;D:\IntelliJ IDEA 2019.2.2\jbr\bin\server

VM Arguments:
java_command: org.jetbrains.git4idea.http.GitAskPassApp Username for 'https://github.com': 
java_class_path (initial): D:/IntelliJ IDEA 2019.2.2/plugins/git4idea/lib/git4idea-rt.jar;D:/IntelliJ IDEA 2019.2.2/lib/xmlrpc-2.0.1.jar;D:/IntelliJ IDEA 2019.2.2/lib/commons-codec-1.13.jar;D:/IntelliJ IDEA 2019.2.2/lib/util.jar
Launcher Type: SUN_STANDARD

[Global flags]
     intx CICompilerCount                          = 4                                         {product} {ergonomic}
     uint ConcGCThreads                            = 2                                         {product} {ergonomic}
     uint G1ConcRefinementThreads                  = 8                                         {product} {ergonomic}
   size_t G1HeapRegionSize                         = 1048576                                   {product} {ergonomic}
    uintx GCDrainStackTargetSize                   = 64                                        {product} {ergonomic}
   size_t InitialHeapSize                          = 132120576                                 {product} {ergonomic}
   size_t MarkStackSize                            = 4194304                                   {product} {ergonomic}
   size_t MaxHeapSize                              = 2107637760                                {product} {ergonomic}
   size_t MinHeapDeltaBytes                        = 1048576                                   {product} {ergonomic}
    uintx NonNMethodCodeHeapSize                   = 5836300                                {pd product} {ergonomic}
    uintx NonProfiledCodeHeapSize                  = 122910970                              {pd product} {ergonomic}
    uintx ProfiledCodeHeapSize                     = 122910970                              {pd product} {ergonomic}
    uintx ReservedCodeCacheSize                    = 251658240                              {pd product} {ergonomic}
     bool SegmentedCodeCache                       = true                                      {product} {ergonomic}
     bool UseCompressedClassPointers               = true                                 {lp64_product} {ergonomic}
     bool UseCompressedOops                        = true                                 {lp64_product} {ergonomic}
     bool UseG1GC                                  = true                                      {product} {ergonomic}
     bool UseLargePagesIndividualAllocation        = false                                  {pd product} {ergonomic}

Logging:
Log output configuration:
 #0: stdout all=warning uptime,level,tags
 #1: stderr all=off uptime,level,tags

Environment Variables:
JAVA_HOME=C:\Program Files\Java\jdk1.8.0_131
CLASSPATH=.;C:\Program Files\Java\jdk1.8.0_131\lib\dt.jar;C:\Program Files\Java\jdk1.8.0_131\lib\tools.jar;
PATH=D:/software/Git/Git/mingw64/libexec/git-core;D:/software/Git/Git/mingw64/libexec/git-core;D:\software\Git\Git\mingw64\bin;D:\software\Git\Git\usr\bin;C:\Users\Andew\bin;D:\software\Xftp\;D:\software\Xshell\;C:\Program Files\Java\jdk1.8.0_131\bin;C:\Program Files\Java\jdk1.8.0_131\jre\bin;C:\ProgramData\Oracle\Java\javapath;C:\Program Files (x86)\Common Files\Oracle\Java\javapath;C:\Windows\system32;C:\Windows;C:\Windows\System32\Wbem;C:\Windows\System32\WindowsPowerShell\v1.0\;C:\Windows\System32\OpenSSH\;C:\Program Files (x86)\NVIDIA Corporation\PhysX\Common;C:\Program Files\NVIDIA Corporation\NVIDIA NvDLISR;C:\Program Files\Intel\WiFi\bin\;C:\Program Files\Common Files\Intel\WirelessCommon\;D:\software\apache-maven-3.6.1\bin;D:\software\apache-tomcat-8.5.45\apache-tomcat-8.5.45\lib;D:\software\apache-tomcat-8.5.45\apache-tomcat-8.5.45\bin;C:\Program Files\mingw64\bin;D:\software\mysql-5.7.27-winx64\mysql-5.7.27-winx64\bin;D:\software\subversion-1.13.0\bin;D:\software\Git\Git\cmd;C:\ProgramData\chocolatey\bin;C:\Users\Andew\AppData\Local\Programs\Python\Python38\Lib;C:\Users\Andew\AppData\Local\Programs\Python\Python38;D:\software\Redis-x64-3.0.504;C:\Users\Andew\AppData\Local\Programs\Python\Python38\Scripts;D:\software\Anaconda3\Scripts;D:\software\Jad1.5.8g;C:\WINDOWS\system32;C:\WINDOWS;C:\WINDOWS\System32\Wbem;C:\WINDOWS\System32\WindowsPowerShell\v1.0\;C:\WINDOWS\System32\OpenSSH\;D:\software\AcmeLib-3.5.9-20150126\families;D:\software\apache-maven-3.6.1\bin;D:\software\nodejs\;C:\Users\Andew\AppData\Local\Microsoft\WindowsApps;D:\Microsoft VS Code\bin;C:\Users\Andew\AppData\Roaming\npm
USERNAME=Andew
DISPLAY=:0.0
OS=Windows_NT
PROCESSOR_IDENTIFIER=Intel64 Family 6 Model 142 Stepping 12, GenuineIntel



---------------  S Y S T E M  ---------------

OS: Windows 10 , 64 bit Build 18362 (10.0.18362.900)

CPU:total 8 (initial active 8) (4 cores per cpu, 2 threads per core) family 6 model 142 stepping 12, cmov, cx8, fxsr, mmx, sse, sse2, sse3, ssse3, sse4.1, sse4.2, popcnt, avx, avx2, aes, clmul, erms, 3dnowpref, lzcnt, ht, tsc, tscinvbit, bmi1, bmi2, adx, fma

Memory: 4k page, system-wide physical 8037M (443M free)
TotalPageFile size 18277M (AvailPageFile size 87M)
current process WorkingSet (physical memory assigned to process): 10M, peak: 10M
current process commit charge ("private bytes"): 60M, peak: 186M

vm_info: OpenJDK 64-Bit Server VM (11.0.5+10-b520.30) for windows-amd64 JRE (11.0.5+10-b520.30), built on Dec 24 2019 12:06:09 by "" with MS VC++ 14.0 (VS2015)

END.
